{"/home/daniel/gostack/backend-gobarber/src/modules/appointments/services/CreateAppointmentService.ts": {"path":"/home/daniel/gostack/backend-gobarber/src/modules/appointments/services/CreateAppointmentService.ts","statementMap":{"0":{"start":{"line":1,"column":0},"end":{"line":1,"column":39}},"1":{"start":{"line":2,"column":0},"end":{"line":2,"column":46}},"2":{"start":{"line":3,"column":0},"end":{"line":3,"column":0}},"3":{"start":{"line":4,"column":0},"end":{"line":4,"column":47}},"4":{"start":{"line":5,"column":0},"end":{"line":5,"column":0}},"5":{"start":{"line":6,"column":0},"end":{"line":6,"column":64}},"6":{"start":{"line":7,"column":0},"end":{"line":7,"column":78}},"7":{"start":{"line":8,"column":0},"end":{"line":8,"column":0}},"8":{"start":{"line":9,"column":0},"end":{"line":9,"column":0}},"9":{"start":{"line":10,"column":0},"end":{"line":10,"column":20}},"10":{"start":{"line":11,"column":0},"end":{"line":11,"column":24}},"11":{"start":{"line":12,"column":0},"end":{"line":12,"column":15}},"12":{"start":{"line":13,"column":0},"end":{"line":13,"column":1}},"13":{"start":{"line":14,"column":0},"end":{"line":14,"column":0}},"14":{"start":{"line":15,"column":0},"end":{"line":15,"column":13}},"15":{"start":{"line":16,"column":0},"end":{"line":16,"column":32}},"16":{"start":{"line":17,"column":0},"end":{"line":17,"column":16}},"17":{"start":{"line":18,"column":0},"end":{"line":18,"column":41}},"18":{"start":{"line":19,"column":0},"end":{"line":19,"column":64}},"19":{"start":{"line":20,"column":0},"end":{"line":20,"column":11}},"20":{"start":{"line":21,"column":0},"end":{"line":21,"column":0}},"21":{"start":{"line":22,"column":0},"end":{"line":22,"column":5}},"22":{"start":{"line":23,"column":0},"end":{"line":23,"column":0}},"23":{"start":{"line":24,"column":0},"end":{"line":24,"column":81}},"24":{"start":{"line":25,"column":0},"end":{"line":25,"column":50}},"25":{"start":{"line":26,"column":0},"end":{"line":26,"column":0}},"26":{"start":{"line":27,"column":0},"end":{"line":27,"column":87}},"27":{"start":{"line":28,"column":0},"end":{"line":28,"column":28}},"28":{"start":{"line":29,"column":0},"end":{"line":29,"column":10}},"29":{"start":{"line":30,"column":0},"end":{"line":30,"column":0}},"30":{"start":{"line":31,"column":0},"end":{"line":31,"column":40}},"31":{"start":{"line":32,"column":0},"end":{"line":32,"column":69}},"32":{"start":{"line":33,"column":0},"end":{"line":33,"column":10}},"33":{"start":{"line":34,"column":0},"end":{"line":34,"column":0}},"34":{"start":{"line":35,"column":0},"end":{"line":35,"column":70}},"35":{"start":{"line":36,"column":0},"end":{"line":36,"column":24}},"36":{"start":{"line":37,"column":0},"end":{"line":37,"column":34}},"37":{"start":{"line":38,"column":0},"end":{"line":38,"column":11}},"38":{"start":{"line":39,"column":0},"end":{"line":39,"column":0}},"39":{"start":{"line":40,"column":0},"end":{"line":40,"column":27}},"40":{"start":{"line":41,"column":0},"end":{"line":41,"column":5}},"41":{"start":{"line":42,"column":0},"end":{"line":42,"column":1}},"42":{"start":{"line":43,"column":0},"end":{"line":43,"column":0}},"43":{"start":{"line":44,"column":0},"end":{"line":44,"column":40}}},"s":{"0":1,"1":1,"2":1,"3":1,"4":1,"5":1,"6":1,"7":1,"8":1,"9":1,"10":1,"11":1,"12":1,"13":1,"14":1,"15":1,"16":1,"17":2,"18":2,"19":2,"20":2,"21":2,"22":1,"23":1,"24":3,"25":3,"26":3,"27":3,"28":3,"29":3,"30":3,"31":1,"32":1,"33":2,"34":2,"35":2,"36":2,"37":2,"38":3,"39":3,"40":3,"41":1,"42":1,"43":1},"branchMap":{"0":{"type":"branch","line":44,"loc":{"start":{"line":44,"column":40},"end":{"line":44,"column":40}},"locations":[{"start":{"line":44,"column":40},"end":{"line":44,"column":40}}]},"1":{"type":"branch","line":44,"loc":{"start":{"line":44,"column":40},"end":{"line":44,"column":40}},"locations":[{"start":{"line":44,"column":40},"end":{"line":44,"column":40}}]},"2":{"type":"branch","line":44,"loc":{"start":{"line":44,"column":40},"end":{"line":44,"column":40}},"locations":[{"start":{"line":44,"column":40},"end":{"line":44,"column":40}}]},"3":{"type":"branch","line":44,"loc":{"start":{"line":44,"column":40},"end":{"line":44,"column":40}},"locations":[{"start":{"line":44,"column":40},"end":{"line":44,"column":40}}]},"4":{"type":"branch","line":44,"loc":{"start":{"line":44,"column":40},"end":{"line":44,"column":40}},"locations":[{"start":{"line":44,"column":40},"end":{"line":44,"column":40}}]},"5":{"type":"branch","line":44,"loc":{"start":{"line":44,"column":40},"end":{"line":44,"column":40}},"locations":[{"start":{"line":44,"column":40},"end":{"line":44,"column":40}}]},"6":{"type":"branch","line":44,"loc":{"start":{"line":44,"column":40},"end":{"line":44,"column":40}},"locations":[{"start":{"line":44,"column":40},"end":{"line":44,"column":40}}]},"7":{"type":"branch","line":44,"loc":{"start":{"line":44,"column":40},"end":{"line":44,"column":40}},"locations":[{"start":{"line":44,"column":40},"end":{"line":44,"column":40}}]},"8":{"type":"branch","line":44,"loc":{"start":{"line":44,"column":40},"end":{"line":44,"column":40}},"locations":[{"start":{"line":44,"column":40},"end":{"line":44,"column":40}}]},"9":{"type":"branch","line":44,"loc":{"start":{"line":44,"column":40},"end":{"line":44,"column":40}},"locations":[{"start":{"line":44,"column":40},"end":{"line":44,"column":40}}]},"10":{"type":"branch","line":44,"loc":{"start":{"line":44,"column":40},"end":{"line":44,"column":40}},"locations":[{"start":{"line":44,"column":40},"end":{"line":44,"column":40}}]},"11":{"type":"branch","line":44,"loc":{"start":{"line":44,"column":40},"end":{"line":44,"column":40}},"locations":[{"start":{"line":44,"column":40},"end":{"line":44,"column":40}}]},"12":{"type":"branch","line":44,"loc":{"start":{"line":44,"column":40},"end":{"line":44,"column":40}},"locations":[{"start":{"line":44,"column":40},"end":{"line":44,"column":40}}]},"13":{"type":"branch","line":44,"loc":{"start":{"line":44,"column":40},"end":{"line":44,"column":40}},"locations":[{"start":{"line":44,"column":40},"end":{"line":44,"column":40}}]},"14":{"type":"branch","line":44,"loc":{"start":{"line":44,"column":40},"end":{"line":44,"column":40}},"locations":[{"start":{"line":44,"column":40},"end":{"line":44,"column":40}}]},"15":{"type":"branch","line":44,"loc":{"start":{"line":44,"column":40},"end":{"line":44,"column":40}},"locations":[{"start":{"line":44,"column":40},"end":{"line":44,"column":40}}]},"16":{"type":"branch","line":44,"loc":{"start":{"line":44,"column":40},"end":{"line":44,"column":40}},"locations":[{"start":{"line":44,"column":40},"end":{"line":44,"column":40}}]},"17":{"type":"branch","line":44,"loc":{"start":{"line":44,"column":40},"end":{"line":44,"column":40}},"locations":[{"start":{"line":44,"column":40},"end":{"line":44,"column":40}}]},"18":{"type":"branch","line":44,"loc":{"start":{"line":44,"column":40},"end":{"line":44,"column":40}},"locations":[{"start":{"line":44,"column":40},"end":{"line":44,"column":40}}]},"19":{"type":"branch","line":44,"loc":{"start":{"line":44,"column":40},"end":{"line":44,"column":40}},"locations":[{"start":{"line":44,"column":40},"end":{"line":44,"column":40}}]},"20":{"type":"branch","line":44,"loc":{"start":{"line":44,"column":40},"end":{"line":44,"column":40}},"locations":[{"start":{"line":44,"column":40},"end":{"line":44,"column":40}}]},"21":{"type":"branch","line":44,"loc":{"start":{"line":44,"column":40},"end":{"line":44,"column":40}},"locations":[{"start":{"line":44,"column":40},"end":{"line":44,"column":40}}]},"22":{"type":"branch","line":44,"loc":{"start":{"line":44,"column":40},"end":{"line":44,"column":40}},"locations":[{"start":{"line":44,"column":40},"end":{"line":44,"column":40}}]},"23":{"type":"branch","line":44,"loc":{"start":{"line":44,"column":40},"end":{"line":44,"column":40}},"locations":[{"start":{"line":44,"column":40},"end":{"line":44,"column":40}}]},"24":{"type":"branch","line":44,"loc":{"start":{"line":44,"column":40},"end":{"line":44,"column":40}},"locations":[{"start":{"line":44,"column":40},"end":{"line":44,"column":40}}]},"25":{"type":"branch","line":44,"loc":{"start":{"line":44,"column":40},"end":{"line":44,"column":40}},"locations":[{"start":{"line":44,"column":40},"end":{"line":44,"column":40}}]},"26":{"type":"branch","line":44,"loc":{"start":{"line":44,"column":40},"end":{"line":44,"column":40}},"locations":[{"start":{"line":44,"column":40},"end":{"line":44,"column":40}}]},"27":{"type":"branch","line":44,"loc":{"start":{"line":44,"column":40},"end":{"line":44,"column":40}},"locations":[{"start":{"line":44,"column":40},"end":{"line":44,"column":40}}]},"28":{"type":"branch","line":44,"loc":{"start":{"line":44,"column":40},"end":{"line":44,"column":40}},"locations":[{"start":{"line":44,"column":40},"end":{"line":44,"column":40}}]},"29":{"type":"branch","line":44,"loc":{"start":{"line":44,"column":40},"end":{"line":44,"column":40}},"locations":[{"start":{"line":44,"column":40},"end":{"line":44,"column":40}}]},"30":{"type":"branch","line":44,"loc":{"start":{"line":44,"column":40},"end":{"line":44,"column":40}},"locations":[{"start":{"line":44,"column":40},"end":{"line":44,"column":40}}]},"31":{"type":"branch","line":44,"loc":{"start":{"line":44,"column":40},"end":{"line":44,"column":40}},"locations":[{"start":{"line":44,"column":40},"end":{"line":44,"column":40}}]},"32":{"type":"branch","line":44,"loc":{"start":{"line":44,"column":40},"end":{"line":44,"column":40}},"locations":[{"start":{"line":44,"column":40},"end":{"line":44,"column":40}}]},"33":{"type":"branch","line":44,"loc":{"start":{"line":44,"column":40},"end":{"line":44,"column":40}},"locations":[{"start":{"line":44,"column":40},"end":{"line":44,"column":40}}]},"34":{"type":"branch","line":44,"loc":{"start":{"line":44,"column":40},"end":{"line":44,"column":40}},"locations":[{"start":{"line":44,"column":40},"end":{"line":44,"column":40}}]},"35":{"type":"branch","line":44,"loc":{"start":{"line":44,"column":40},"end":{"line":44,"column":40}},"locations":[{"start":{"line":44,"column":40},"end":{"line":44,"column":40}}]},"36":{"type":"branch","line":44,"loc":{"start":{"line":44,"column":40},"end":{"line":44,"column":40}},"locations":[{"start":{"line":44,"column":40},"end":{"line":44,"column":40}}]},"37":{"type":"branch","line":44,"loc":{"start":{"line":44,"column":40},"end":{"line":44,"column":40}},"locations":[{"start":{"line":44,"column":40},"end":{"line":44,"column":40}}]},"38":{"type":"branch","line":44,"loc":{"start":{"line":44,"column":40},"end":{"line":44,"column":40}},"locations":[{"start":{"line":44,"column":40},"end":{"line":44,"column":40}}]},"39":{"type":"branch","line":44,"loc":{"start":{"line":44,"column":40},"end":{"line":44,"column":40}},"locations":[{"start":{"line":44,"column":40},"end":{"line":44,"column":40}}]},"40":{"type":"branch","line":44,"loc":{"start":{"line":44,"column":40},"end":{"line":44,"column":40}},"locations":[{"start":{"line":44,"column":40},"end":{"line":44,"column":40}}]},"41":{"type":"branch","line":44,"loc":{"start":{"line":44,"column":40},"end":{"line":44,"column":40}},"locations":[{"start":{"line":44,"column":40},"end":{"line":44,"column":40}}]},"42":{"type":"branch","line":44,"loc":{"start":{"line":44,"column":40},"end":{"line":44,"column":40}},"locations":[{"start":{"line":44,"column":40},"end":{"line":44,"column":40}}]},"43":{"type":"branch","line":44,"loc":{"start":{"line":44,"column":40},"end":{"line":44,"column":40}},"locations":[{"start":{"line":44,"column":40},"end":{"line":44,"column":40}}]},"44":{"type":"branch","line":44,"loc":{"start":{"line":44,"column":40},"end":{"line":44,"column":40}},"locations":[{"start":{"line":44,"column":40},"end":{"line":44,"column":40}}]},"45":{"type":"branch","line":44,"loc":{"start":{"line":44,"column":40},"end":{"line":44,"column":40}},"locations":[{"start":{"line":44,"column":40},"end":{"line":44,"column":40}}]},"46":{"type":"branch","line":44,"loc":{"start":{"line":44,"column":40},"end":{"line":44,"column":40}},"locations":[{"start":{"line":44,"column":40},"end":{"line":44,"column":40}}]},"47":{"type":"branch","line":44,"loc":{"start":{"line":44,"column":40},"end":{"line":44,"column":40}},"locations":[{"start":{"line":44,"column":40},"end":{"line":44,"column":40}}]},"48":{"type":"branch","line":44,"loc":{"start":{"line":44,"column":40},"end":{"line":44,"column":40}},"locations":[{"start":{"line":44,"column":40},"end":{"line":44,"column":40}}]},"49":{"type":"branch","line":44,"loc":{"start":{"line":44,"column":40},"end":{"line":44,"column":40}},"locations":[{"start":{"line":44,"column":40},"end":{"line":44,"column":40}}]},"50":{"type":"branch","line":44,"loc":{"start":{"line":44,"column":40},"end":{"line":44,"column":40}},"locations":[{"start":{"line":44,"column":40},"end":{"line":44,"column":40}}]},"51":{"type":"branch","line":44,"loc":{"start":{"line":44,"column":40},"end":{"line":44,"column":40}},"locations":[{"start":{"line":44,"column":40},"end":{"line":44,"column":40}}]},"52":{"type":"branch","line":44,"loc":{"start":{"line":44,"column":40},"end":{"line":44,"column":40}},"locations":[{"start":{"line":44,"column":40},"end":{"line":44,"column":40}}]},"53":{"type":"branch","line":16,"loc":{"start":{"line":16,"column":0},"end":{"line":42,"column":1}},"locations":[{"start":{"line":16,"column":0},"end":{"line":42,"column":1}}]},"54":{"type":"branch","line":17,"loc":{"start":{"line":17,"column":4},"end":{"line":22,"column":5}},"locations":[{"start":{"line":17,"column":4},"end":{"line":22,"column":5}}]},"55":{"type":"branch","line":24,"loc":{"start":{"line":24,"column":4},"end":{"line":41,"column":5}},"locations":[{"start":{"line":24,"column":4},"end":{"line":41,"column":5}}]},"56":{"type":"branch","line":44,"loc":{"start":{"line":44,"column":40},"end":{"line":44,"column":40}},"locations":[{"start":{"line":44,"column":40},"end":{"line":44,"column":40}}]},"57":{"type":"branch","line":44,"loc":{"start":{"line":44,"column":40},"end":{"line":44,"column":40}},"locations":[{"start":{"line":44,"column":40},"end":{"line":44,"column":40}}]},"58":{"type":"branch","line":44,"loc":{"start":{"line":44,"column":40},"end":{"line":44,"column":40}},"locations":[{"start":{"line":44,"column":40},"end":{"line":44,"column":40}}]},"59":{"type":"branch","line":44,"loc":{"start":{"line":44,"column":40},"end":{"line":44,"column":40}},"locations":[{"start":{"line":44,"column":40},"end":{"line":44,"column":40}}]},"60":{"type":"branch","line":31,"loc":{"start":{"line":31,"column":39},"end":{"line":33,"column":10}},"locations":[{"start":{"line":31,"column":39},"end":{"line":33,"column":10}}]},"61":{"type":"branch","line":33,"loc":{"start":{"line":33,"column":9},"end":{"line":38,"column":11}},"locations":[{"start":{"line":33,"column":9},"end":{"line":38,"column":11}}]},"62":{"type":"branch","line":44,"loc":{"start":{"line":44,"column":40},"end":{"line":44,"column":40}},"locations":[{"start":{"line":44,"column":40},"end":{"line":44,"column":40}}]}},"b":{"0":[1],"1":[1],"2":[0],"3":[0],"4":[0],"5":[0],"6":[1],"7":[1],"8":[1],"9":[3],"10":[5],"11":[0],"12":[3],"13":[5],"14":[4],"15":[1],"16":[7],"17":[2],"18":[5],"19":[3],"20":[5],"21":[0],"22":[9],"23":[8],"24":[8],"25":[0],"26":[16],"27":[0],"28":[0],"29":[0],"30":[0],"31":[8],"32":[8],"33":[5],"34":[0],"35":[0],"36":[3],"37":[0],"38":[2],"39":[0],"40":[0],"41":[0],"42":[0],"43":[8],"44":[7],"45":[1],"46":[8],"47":[3],"48":[1],"49":[2],"50":[0],"51":[1],"52":[0],"53":[1],"54":[2],"55":[3],"56":[3],"57":[8],"58":[3],"59":[3],"60":[1],"61":[2],"62":[2]},"fnMap":{"0":{"name":"__decorate","decl":{"start":{"line":44,"column":40},"end":{"line":44,"column":40}},"loc":{"start":{"line":44,"column":40},"end":{"line":44,"column":40}},"line":44},"1":{"name":"__metadata","decl":{"start":{"line":44,"column":40},"end":{"line":44,"column":40}},"loc":{"start":{"line":44,"column":40},"end":{"line":44,"column":40}},"line":44},"2":{"name":"__param","decl":{"start":{"line":44,"column":40},"end":{"line":44,"column":40}},"loc":{"start":{"line":44,"column":40},"end":{"line":44,"column":40}},"line":44},"3":{"name":"__awaiter","decl":{"start":{"line":44,"column":40},"end":{"line":44,"column":40}},"loc":{"start":{"line":44,"column":40},"end":{"line":44,"column":40}},"line":44},"4":{"name":"adopt","decl":{"start":{"line":44,"column":40},"end":{"line":44,"column":40}},"loc":{"start":{"line":44,"column":40},"end":{"line":44,"column":40}},"line":44},"5":{"name":"fulfilled","decl":{"start":{"line":44,"column":40},"end":{"line":44,"column":40}},"loc":{"start":{"line":44,"column":40},"end":{"line":44,"column":40}},"line":44},"6":{"name":"rejected","decl":{"start":{"line":44,"column":40},"end":{"line":44,"column":40}},"loc":{"start":{"line":44,"column":40},"end":{"line":44,"column":40}},"line":44},"7":{"name":"step","decl":{"start":{"line":44,"column":40},"end":{"line":44,"column":40}},"loc":{"start":{"line":44,"column":40},"end":{"line":44,"column":40}},"line":44},"8":{"name":"__generator","decl":{"start":{"line":44,"column":40},"end":{"line":44,"column":40}},"loc":{"start":{"line":44,"column":40},"end":{"line":44,"column":40}},"line":44},"9":{"name":"sent","decl":{"start":{"line":44,"column":40},"end":{"line":44,"column":40}},"loc":{"start":{"line":44,"column":40},"end":{"line":44,"column":40}},"line":44},"10":{"name":"g.<computed>","decl":{"start":{"line":44,"column":40},"end":{"line":44,"column":40}},"loc":{"start":{"line":44,"column":40},"end":{"line":44,"column":40}},"line":44},"11":{"name":"verb","decl":{"start":{"line":44,"column":40},"end":{"line":44,"column":40}},"loc":{"start":{"line":44,"column":40},"end":{"line":44,"column":40}},"line":44},"12":{"name":"step","decl":{"start":{"line":44,"column":40},"end":{"line":44,"column":40}},"loc":{"start":{"line":44,"column":40},"end":{"line":44,"column":40}},"line":44},"13":{"name":"__importDefault","decl":{"start":{"line":44,"column":40},"end":{"line":44,"column":40}},"loc":{"start":{"line":44,"column":40},"end":{"line":44,"column":40}},"line":44},"14":{"name":"CreateAppointmentService","decl":{"start":{"line":17,"column":4},"end":{"line":22,"column":5}},"loc":{"start":{"line":17,"column":4},"end":{"line":22,"column":5}},"line":17},"15":{"name":"CreateAppointmentService.execute","decl":{"start":{"line":24,"column":4},"end":{"line":41,"column":5}},"loc":{"start":{"line":24,"column":4},"end":{"line":41,"column":5}},"line":24}},"f":{"0":1,"1":1,"2":1,"3":3,"4":5,"5":5,"6":0,"7":7,"8":3,"9":5,"10":0,"11":9,"12":8,"13":1,"14":2,"15":3}}
,"/home/daniel/gostack/backend-gobarber/src/modules/users/services/AuthenticateUserService.ts": {"path":"/home/daniel/gostack/backend-gobarber/src/modules/users/services/AuthenticateUserService.ts","statementMap":{"0":{"start":{"line":1,"column":0},"end":{"line":1,"column":36}},"1":{"start":{"line":2,"column":0},"end":{"line":2,"column":38}},"2":{"start":{"line":3,"column":0},"end":{"line":3,"column":46}},"3":{"start":{"line":4,"column":0},"end":{"line":4,"column":0}},"4":{"start":{"line":5,"column":0},"end":{"line":5,"column":0}},"5":{"start":{"line":6,"column":0},"end":{"line":6,"column":47}},"6":{"start":{"line":7,"column":0},"end":{"line":7,"column":64}},"7":{"start":{"line":8,"column":0},"end":{"line":8,"column":75}},"8":{"start":{"line":9,"column":0},"end":{"line":9,"column":0}},"9":{"start":{"line":10,"column":0},"end":{"line":10,"column":50}},"10":{"start":{"line":11,"column":0},"end":{"line":11,"column":0}},"11":{"start":{"line":12,"column":0},"end":{"line":12,"column":19}},"12":{"start":{"line":13,"column":0},"end":{"line":13,"column":18}},"13":{"start":{"line":14,"column":0},"end":{"line":14,"column":21}},"14":{"start":{"line":15,"column":0},"end":{"line":15,"column":1}},"15":{"start":{"line":16,"column":0},"end":{"line":16,"column":0}},"16":{"start":{"line":17,"column":0},"end":{"line":17,"column":20}},"17":{"start":{"line":18,"column":0},"end":{"line":18,"column":15}},"18":{"start":{"line":19,"column":0},"end":{"line":19,"column":18}},"19":{"start":{"line":20,"column":0},"end":{"line":20,"column":1}},"20":{"start":{"line":21,"column":0},"end":{"line":21,"column":0}},"21":{"start":{"line":22,"column":0},"end":{"line":22,"column":13}},"22":{"start":{"line":23,"column":0},"end":{"line":23,"column":31}},"23":{"start":{"line":24,"column":0},"end":{"line":24,"column":16}},"24":{"start":{"line":25,"column":0},"end":{"line":25,"column":34}},"25":{"start":{"line":26,"column":0},"end":{"line":26,"column":50}},"26":{"start":{"line":27,"column":0},"end":{"line":27,"column":0}},"27":{"start":{"line":28,"column":0},"end":{"line":28,"column":31}},"28":{"start":{"line":29,"column":0},"end":{"line":29,"column":44}},"29":{"start":{"line":30,"column":0},"end":{"line":30,"column":7}},"30":{"start":{"line":31,"column":0},"end":{"line":31,"column":0}},"31":{"start":{"line":32,"column":0},"end":{"line":32,"column":74}},"32":{"start":{"line":33,"column":0},"end":{"line":33,"column":67}},"33":{"start":{"line":34,"column":0},"end":{"line":34,"column":0}},"34":{"start":{"line":35,"column":0},"end":{"line":35,"column":20}},"35":{"start":{"line":36,"column":0},"end":{"line":36,"column":76}},"36":{"start":{"line":37,"column":0},"end":{"line":37,"column":9}},"37":{"start":{"line":38,"column":0},"end":{"line":38,"column":0}},"38":{"start":{"line":39,"column":0},"end":{"line":39,"column":93}},"39":{"start":{"line":40,"column":0},"end":{"line":40,"column":0}},"40":{"start":{"line":41,"column":0},"end":{"line":41,"column":30}},"41":{"start":{"line":42,"column":0},"end":{"line":42,"column":75}},"42":{"start":{"line":43,"column":0},"end":{"line":43,"column":9}},"43":{"start":{"line":44,"column":0},"end":{"line":44,"column":0}},"44":{"start":{"line":45,"column":0},"end":{"line":45,"column":53}},"45":{"start":{"line":46,"column":0},"end":{"line":46,"column":0}},"46":{"start":{"line":47,"column":0},"end":{"line":47,"column":40}},"47":{"start":{"line":48,"column":0},"end":{"line":48,"column":29}},"48":{"start":{"line":49,"column":0},"end":{"line":49,"column":22}},"49":{"start":{"line":50,"column":0},"end":{"line":50,"column":11}},"50":{"start":{"line":51,"column":0},"end":{"line":51,"column":0}},"51":{"start":{"line":52,"column":0},"end":{"line":52,"column":16}},"52":{"start":{"line":53,"column":0},"end":{"line":53,"column":17}},"53":{"start":{"line":54,"column":0},"end":{"line":54,"column":18}},"54":{"start":{"line":55,"column":0},"end":{"line":55,"column":10}},"55":{"start":{"line":56,"column":0},"end":{"line":56,"column":5}},"56":{"start":{"line":57,"column":0},"end":{"line":57,"column":1}},"57":{"start":{"line":58,"column":0},"end":{"line":58,"column":0}},"58":{"start":{"line":59,"column":0},"end":{"line":59,"column":39}}},"s":{"0":1,"1":1,"2":1,"3":1,"4":1,"5":1,"6":1,"7":1,"8":1,"9":1,"10":1,"11":1,"12":1,"13":1,"14":1,"15":1,"16":1,"17":1,"18":1,"19":1,"20":1,"21":1,"22":1,"23":1,"24":3,"25":3,"26":3,"27":3,"28":3,"29":3,"30":1,"31":1,"32":3,"33":3,"34":3,"35":1,"36":1,"37":2,"38":2,"39":3,"40":3,"41":1,"42":1,"43":1,"44":1,"45":1,"46":1,"47":1,"48":1,"49":1,"50":1,"51":1,"52":1,"53":1,"54":1,"55":3,"56":1,"57":1,"58":1},"branchMap":{"0":{"type":"branch","line":59,"loc":{"start":{"line":59,"column":39},"end":{"line":59,"column":39}},"locations":[{"start":{"line":59,"column":39},"end":{"line":59,"column":39}}]},"1":{"type":"branch","line":59,"loc":{"start":{"line":59,"column":39},"end":{"line":59,"column":39}},"locations":[{"start":{"line":59,"column":39},"end":{"line":59,"column":39}}]},"2":{"type":"branch","line":59,"loc":{"start":{"line":59,"column":39},"end":{"line":59,"column":39}},"locations":[{"start":{"line":59,"column":39},"end":{"line":59,"column":39}}]},"3":{"type":"branch","line":59,"loc":{"start":{"line":59,"column":39},"end":{"line":59,"column":39}},"locations":[{"start":{"line":59,"column":39},"end":{"line":59,"column":39}}]},"4":{"type":"branch","line":59,"loc":{"start":{"line":59,"column":39},"end":{"line":59,"column":39}},"locations":[{"start":{"line":59,"column":39},"end":{"line":59,"column":39}}]},"5":{"type":"branch","line":59,"loc":{"start":{"line":59,"column":39},"end":{"line":59,"column":39}},"locations":[{"start":{"line":59,"column":39},"end":{"line":59,"column":39}}]},"6":{"type":"branch","line":59,"loc":{"start":{"line":59,"column":39},"end":{"line":59,"column":39}},"locations":[{"start":{"line":59,"column":39},"end":{"line":59,"column":39}}]},"7":{"type":"branch","line":59,"loc":{"start":{"line":59,"column":39},"end":{"line":59,"column":39}},"locations":[{"start":{"line":59,"column":39},"end":{"line":59,"column":39}}]},"8":{"type":"branch","line":59,"loc":{"start":{"line":59,"column":39},"end":{"line":59,"column":39}},"locations":[{"start":{"line":59,"column":39},"end":{"line":59,"column":39}}]},"9":{"type":"branch","line":59,"loc":{"start":{"line":59,"column":39},"end":{"line":59,"column":39}},"locations":[{"start":{"line":59,"column":39},"end":{"line":59,"column":39}}]},"10":{"type":"branch","line":59,"loc":{"start":{"line":59,"column":39},"end":{"line":59,"column":39}},"locations":[{"start":{"line":59,"column":39},"end":{"line":59,"column":39}}]},"11":{"type":"branch","line":59,"loc":{"start":{"line":59,"column":39},"end":{"line":59,"column":39}},"locations":[{"start":{"line":59,"column":39},"end":{"line":59,"column":39}}]},"12":{"type":"branch","line":59,"loc":{"start":{"line":59,"column":39},"end":{"line":59,"column":39}},"locations":[{"start":{"line":59,"column":39},"end":{"line":59,"column":39}}]},"13":{"type":"branch","line":59,"loc":{"start":{"line":59,"column":39},"end":{"line":59,"column":39}},"locations":[{"start":{"line":59,"column":39},"end":{"line":59,"column":39}}]},"14":{"type":"branch","line":59,"loc":{"start":{"line":59,"column":39},"end":{"line":59,"column":39}},"locations":[{"start":{"line":59,"column":39},"end":{"line":59,"column":39}}]},"15":{"type":"branch","line":59,"loc":{"start":{"line":59,"column":39},"end":{"line":59,"column":39}},"locations":[{"start":{"line":59,"column":39},"end":{"line":59,"column":39}}]},"16":{"type":"branch","line":59,"loc":{"start":{"line":59,"column":39},"end":{"line":59,"column":39}},"locations":[{"start":{"line":59,"column":39},"end":{"line":59,"column":39}}]},"17":{"type":"branch","line":59,"loc":{"start":{"line":59,"column":39},"end":{"line":59,"column":39}},"locations":[{"start":{"line":59,"column":39},"end":{"line":59,"column":39}}]},"18":{"type":"branch","line":59,"loc":{"start":{"line":59,"column":39},"end":{"line":59,"column":39}},"locations":[{"start":{"line":59,"column":39},"end":{"line":59,"column":39}}]},"19":{"type":"branch","line":59,"loc":{"start":{"line":59,"column":39},"end":{"line":59,"column":39}},"locations":[{"start":{"line":59,"column":39},"end":{"line":59,"column":39}}]},"20":{"type":"branch","line":59,"loc":{"start":{"line":59,"column":39},"end":{"line":59,"column":39}},"locations":[{"start":{"line":59,"column":39},"end":{"line":59,"column":39}}]},"21":{"type":"branch","line":59,"loc":{"start":{"line":59,"column":39},"end":{"line":59,"column":39}},"locations":[{"start":{"line":59,"column":39},"end":{"line":59,"column":39}}]},"22":{"type":"branch","line":59,"loc":{"start":{"line":59,"column":39},"end":{"line":59,"column":39}},"locations":[{"start":{"line":59,"column":39},"end":{"line":59,"column":39}}]},"23":{"type":"branch","line":59,"loc":{"start":{"line":59,"column":39},"end":{"line":59,"column":39}},"locations":[{"start":{"line":59,"column":39},"end":{"line":59,"column":39}}]},"24":{"type":"branch","line":59,"loc":{"start":{"line":59,"column":39},"end":{"line":59,"column":39}},"locations":[{"start":{"line":59,"column":39},"end":{"line":59,"column":39}}]},"25":{"type":"branch","line":59,"loc":{"start":{"line":59,"column":39},"end":{"line":59,"column":39}},"locations":[{"start":{"line":59,"column":39},"end":{"line":59,"column":39}}]},"26":{"type":"branch","line":59,"loc":{"start":{"line":59,"column":39},"end":{"line":59,"column":39}},"locations":[{"start":{"line":59,"column":39},"end":{"line":59,"column":39}}]},"27":{"type":"branch","line":59,"loc":{"start":{"line":59,"column":39},"end":{"line":59,"column":39}},"locations":[{"start":{"line":59,"column":39},"end":{"line":59,"column":39}}]},"28":{"type":"branch","line":59,"loc":{"start":{"line":59,"column":39},"end":{"line":59,"column":39}},"locations":[{"start":{"line":59,"column":39},"end":{"line":59,"column":39}}]},"29":{"type":"branch","line":59,"loc":{"start":{"line":59,"column":39},"end":{"line":59,"column":39}},"locations":[{"start":{"line":59,"column":39},"end":{"line":59,"column":39}}]},"30":{"type":"branch","line":59,"loc":{"start":{"line":59,"column":39},"end":{"line":59,"column":39}},"locations":[{"start":{"line":59,"column":39},"end":{"line":59,"column":39}}]},"31":{"type":"branch","line":59,"loc":{"start":{"line":59,"column":39},"end":{"line":59,"column":39}},"locations":[{"start":{"line":59,"column":39},"end":{"line":59,"column":39}}]},"32":{"type":"branch","line":59,"loc":{"start":{"line":59,"column":39},"end":{"line":59,"column":39}},"locations":[{"start":{"line":59,"column":39},"end":{"line":59,"column":39}}]},"33":{"type":"branch","line":59,"loc":{"start":{"line":59,"column":39},"end":{"line":59,"column":39}},"locations":[{"start":{"line":59,"column":39},"end":{"line":59,"column":39}}]},"34":{"type":"branch","line":59,"loc":{"start":{"line":59,"column":39},"end":{"line":59,"column":39}},"locations":[{"start":{"line":59,"column":39},"end":{"line":59,"column":39}}]},"35":{"type":"branch","line":59,"loc":{"start":{"line":59,"column":39},"end":{"line":59,"column":39}},"locations":[{"start":{"line":59,"column":39},"end":{"line":59,"column":39}}]},"36":{"type":"branch","line":59,"loc":{"start":{"line":59,"column":39},"end":{"line":59,"column":39}},"locations":[{"start":{"line":59,"column":39},"end":{"line":59,"column":39}}]},"37":{"type":"branch","line":59,"loc":{"start":{"line":59,"column":39},"end":{"line":59,"column":39}},"locations":[{"start":{"line":59,"column":39},"end":{"line":59,"column":39}}]},"38":{"type":"branch","line":59,"loc":{"start":{"line":59,"column":39},"end":{"line":59,"column":39}},"locations":[{"start":{"line":59,"column":39},"end":{"line":59,"column":39}}]},"39":{"type":"branch","line":59,"loc":{"start":{"line":59,"column":39},"end":{"line":59,"column":39}},"locations":[{"start":{"line":59,"column":39},"end":{"line":59,"column":39}}]},"40":{"type":"branch","line":59,"loc":{"start":{"line":59,"column":39},"end":{"line":59,"column":39}},"locations":[{"start":{"line":59,"column":39},"end":{"line":59,"column":39}}]},"41":{"type":"branch","line":59,"loc":{"start":{"line":59,"column":39},"end":{"line":59,"column":39}},"locations":[{"start":{"line":59,"column":39},"end":{"line":59,"column":39}}]},"42":{"type":"branch","line":59,"loc":{"start":{"line":59,"column":39},"end":{"line":59,"column":39}},"locations":[{"start":{"line":59,"column":39},"end":{"line":59,"column":39}}]},"43":{"type":"branch","line":59,"loc":{"start":{"line":59,"column":39},"end":{"line":59,"column":39}},"locations":[{"start":{"line":59,"column":39},"end":{"line":59,"column":39}}]},"44":{"type":"branch","line":59,"loc":{"start":{"line":59,"column":39},"end":{"line":59,"column":39}},"locations":[{"start":{"line":59,"column":39},"end":{"line":59,"column":39}}]},"45":{"type":"branch","line":59,"loc":{"start":{"line":59,"column":39},"end":{"line":59,"column":39}},"locations":[{"start":{"line":59,"column":39},"end":{"line":59,"column":39}}]},"46":{"type":"branch","line":59,"loc":{"start":{"line":59,"column":39},"end":{"line":59,"column":39}},"locations":[{"start":{"line":59,"column":39},"end":{"line":59,"column":39}}]},"47":{"type":"branch","line":59,"loc":{"start":{"line":59,"column":39},"end":{"line":59,"column":39}},"locations":[{"start":{"line":59,"column":39},"end":{"line":59,"column":39}}]},"48":{"type":"branch","line":59,"loc":{"start":{"line":59,"column":39},"end":{"line":59,"column":39}},"locations":[{"start":{"line":59,"column":39},"end":{"line":59,"column":39}}]},"49":{"type":"branch","line":59,"loc":{"start":{"line":59,"column":39},"end":{"line":59,"column":39}},"locations":[{"start":{"line":59,"column":39},"end":{"line":59,"column":39}}]},"50":{"type":"branch","line":59,"loc":{"start":{"line":59,"column":39},"end":{"line":59,"column":39}},"locations":[{"start":{"line":59,"column":39},"end":{"line":59,"column":39}}]},"51":{"type":"branch","line":59,"loc":{"start":{"line":59,"column":39},"end":{"line":59,"column":39}},"locations":[{"start":{"line":59,"column":39},"end":{"line":59,"column":39}}]},"52":{"type":"branch","line":59,"loc":{"start":{"line":59,"column":39},"end":{"line":59,"column":39}},"locations":[{"start":{"line":59,"column":39},"end":{"line":59,"column":39}}]},"53":{"type":"branch","line":23,"loc":{"start":{"line":23,"column":0},"end":{"line":57,"column":1}},"locations":[{"start":{"line":23,"column":0},"end":{"line":57,"column":1}}]},"54":{"type":"branch","line":24,"loc":{"start":{"line":24,"column":4},"end":{"line":30,"column":7}},"locations":[{"start":{"line":24,"column":4},"end":{"line":30,"column":7}}]},"55":{"type":"branch","line":32,"loc":{"start":{"line":32,"column":4},"end":{"line":56,"column":5}},"locations":[{"start":{"line":32,"column":4},"end":{"line":56,"column":5}}]},"56":{"type":"branch","line":59,"loc":{"start":{"line":59,"column":39},"end":{"line":59,"column":39}},"locations":[{"start":{"line":59,"column":39},"end":{"line":59,"column":39}}]},"57":{"type":"branch","line":59,"loc":{"start":{"line":59,"column":39},"end":{"line":59,"column":39}},"locations":[{"start":{"line":59,"column":39},"end":{"line":59,"column":39}}]},"58":{"type":"branch","line":33,"loc":{"start":{"line":33,"column":21},"end":{"line":33,"column":67}},"locations":[{"start":{"line":33,"column":21},"end":{"line":33,"column":67}}]},"59":{"type":"branch","line":59,"loc":{"start":{"line":59,"column":39},"end":{"line":59,"column":39}},"locations":[{"start":{"line":59,"column":39},"end":{"line":59,"column":39}}]},"60":{"type":"branch","line":35,"loc":{"start":{"line":35,"column":19},"end":{"line":37,"column":9}},"locations":[{"start":{"line":35,"column":19},"end":{"line":37,"column":9}}]},"61":{"type":"branch","line":37,"loc":{"start":{"line":37,"column":9},"end":{"line":39,"column":93}},"locations":[{"start":{"line":37,"column":9},"end":{"line":39,"column":93}}]},"62":{"type":"branch","line":59,"loc":{"start":{"line":59,"column":39},"end":{"line":59,"column":39}},"locations":[{"start":{"line":59,"column":39},"end":{"line":59,"column":39}}]},"63":{"type":"branch","line":41,"loc":{"start":{"line":41,"column":29},"end":{"line":55,"column":10}},"locations":[{"start":{"line":41,"column":29},"end":{"line":55,"column":10}}]}},"b":{"0":[1],"1":[1],"2":[0],"3":[0],"4":[0],"5":[0],"6":[1],"7":[2],"8":[2],"9":[3],"10":[5],"11":[0],"12":[3],"13":[5],"14":[3],"15":[2],"16":[6],"17":[1],"18":[5],"19":[3],"20":[5],"21":[0],"22":[9],"23":[8],"24":[8],"25":[0],"26":[16],"27":[0],"28":[0],"29":[0],"30":[0],"31":[8],"32":[8],"33":[5],"34":[0],"35":[0],"36":[3],"37":[0],"38":[1],"39":[0],"40":[0],"41":[0],"42":[0],"43":[8],"44":[6],"45":[2],"46":[8],"47":[3],"48":[2],"49":[1],"50":[0],"51":[2],"52":[0],"53":[1],"54":[3],"55":[3],"56":[3],"57":[8],"58":[3],"59":[3],"60":[1],"61":[2],"62":[2],"63":[1]},"fnMap":{"0":{"name":"__decorate","decl":{"start":{"line":59,"column":39},"end":{"line":59,"column":39}},"loc":{"start":{"line":59,"column":39},"end":{"line":59,"column":39}},"line":59},"1":{"name":"__metadata","decl":{"start":{"line":59,"column":39},"end":{"line":59,"column":39}},"loc":{"start":{"line":59,"column":39},"end":{"line":59,"column":39}},"line":59},"2":{"name":"__param","decl":{"start":{"line":59,"column":39},"end":{"line":59,"column":39}},"loc":{"start":{"line":59,"column":39},"end":{"line":59,"column":39}},"line":59},"3":{"name":"__awaiter","decl":{"start":{"line":59,"column":39},"end":{"line":59,"column":39}},"loc":{"start":{"line":59,"column":39},"end":{"line":59,"column":39}},"line":59},"4":{"name":"adopt","decl":{"start":{"line":59,"column":39},"end":{"line":59,"column":39}},"loc":{"start":{"line":59,"column":39},"end":{"line":59,"column":39}},"line":59},"5":{"name":"fulfilled","decl":{"start":{"line":59,"column":39},"end":{"line":59,"column":39}},"loc":{"start":{"line":59,"column":39},"end":{"line":59,"column":39}},"line":59},"6":{"name":"rejected","decl":{"start":{"line":59,"column":39},"end":{"line":59,"column":39}},"loc":{"start":{"line":59,"column":39},"end":{"line":59,"column":39}},"line":59},"7":{"name":"step","decl":{"start":{"line":59,"column":39},"end":{"line":59,"column":39}},"loc":{"start":{"line":59,"column":39},"end":{"line":59,"column":39}},"line":59},"8":{"name":"__generator","decl":{"start":{"line":59,"column":39},"end":{"line":59,"column":39}},"loc":{"start":{"line":59,"column":39},"end":{"line":59,"column":39}},"line":59},"9":{"name":"sent","decl":{"start":{"line":59,"column":39},"end":{"line":59,"column":39}},"loc":{"start":{"line":59,"column":39},"end":{"line":59,"column":39}},"line":59},"10":{"name":"g.<computed>","decl":{"start":{"line":59,"column":39},"end":{"line":59,"column":39}},"loc":{"start":{"line":59,"column":39},"end":{"line":59,"column":39}},"line":59},"11":{"name":"verb","decl":{"start":{"line":59,"column":39},"end":{"line":59,"column":39}},"loc":{"start":{"line":59,"column":39},"end":{"line":59,"column":39}},"line":59},"12":{"name":"step","decl":{"start":{"line":59,"column":39},"end":{"line":59,"column":39}},"loc":{"start":{"line":59,"column":39},"end":{"line":59,"column":39}},"line":59},"13":{"name":"__importDefault","decl":{"start":{"line":59,"column":39},"end":{"line":59,"column":39}},"loc":{"start":{"line":59,"column":39},"end":{"line":59,"column":39}},"line":59},"14":{"name":"AuthenticateUserService","decl":{"start":{"line":24,"column":4},"end":{"line":30,"column":7}},"loc":{"start":{"line":24,"column":4},"end":{"line":30,"column":7}},"line":24},"15":{"name":"AuthenticateUserService.execute","decl":{"start":{"line":32,"column":4},"end":{"line":56,"column":5}},"loc":{"start":{"line":32,"column":4},"end":{"line":56,"column":5}},"line":32}},"f":{"0":1,"1":1,"2":2,"3":3,"4":5,"5":5,"6":0,"7":6,"8":3,"9":5,"10":0,"11":9,"12":8,"13":2,"14":3,"15":3}}
,"/home/daniel/gostack/backend-gobarber/src/modules/users/services/CreateUserService.ts": {"path":"/home/daniel/gostack/backend-gobarber/src/modules/users/services/CreateUserService.ts","statementMap":{"0":{"start":{"line":1,"column":0},"end":{"line":1,"column":46}},"1":{"start":{"line":2,"column":0},"end":{"line":2,"column":0}},"2":{"start":{"line":3,"column":0},"end":{"line":3,"column":47}},"3":{"start":{"line":4,"column":0},"end":{"line":4,"column":64}},"4":{"start":{"line":5,"column":0},"end":{"line":5,"column":75}},"5":{"start":{"line":6,"column":0},"end":{"line":6,"column":0}},"6":{"start":{"line":7,"column":0},"end":{"line":7,"column":50}},"7":{"start":{"line":8,"column":0},"end":{"line":8,"column":0}},"8":{"start":{"line":9,"column":0},"end":{"line":9,"column":19}},"9":{"start":{"line":10,"column":0},"end":{"line":10,"column":17}},"10":{"start":{"line":11,"column":0},"end":{"line":11,"column":18}},"11":{"start":{"line":12,"column":0},"end":{"line":12,"column":20}},"12":{"start":{"line":13,"column":0},"end":{"line":13,"column":1}},"13":{"start":{"line":14,"column":0},"end":{"line":14,"column":0}},"14":{"start":{"line":15,"column":0},"end":{"line":15,"column":13}},"15":{"start":{"line":16,"column":0},"end":{"line":16,"column":25}},"16":{"start":{"line":17,"column":0},"end":{"line":17,"column":16}},"17":{"start":{"line":18,"column":0},"end":{"line":18,"column":34}},"18":{"start":{"line":19,"column":0},"end":{"line":19,"column":50}},"19":{"start":{"line":20,"column":0},"end":{"line":20,"column":0}},"20":{"start":{"line":21,"column":0},"end":{"line":21,"column":31}},"21":{"start":{"line":22,"column":0},"end":{"line":22,"column":44}},"22":{"start":{"line":23,"column":0},"end":{"line":23,"column":11}},"23":{"start":{"line":24,"column":0},"end":{"line":24,"column":5}},"24":{"start":{"line":25,"column":0},"end":{"line":25,"column":0}},"25":{"start":{"line":26,"column":0},"end":{"line":26,"column":77}},"26":{"start":{"line":27,"column":0},"end":{"line":27,"column":78}},"27":{"start":{"line":28,"column":0},"end":{"line":28,"column":0}},"28":{"start":{"line":29,"column":0},"end":{"line":29,"column":30}},"29":{"start":{"line":30,"column":0},"end":{"line":30,"column":62}},"30":{"start":{"line":31,"column":0},"end":{"line":31,"column":9}},"31":{"start":{"line":32,"column":0},"end":{"line":32,"column":0}},"32":{"start":{"line":33,"column":0},"end":{"line":33,"column":78}},"33":{"start":{"line":34,"column":0},"end":{"line":34,"column":0}},"34":{"start":{"line":35,"column":0},"end":{"line":35,"column":56}},"35":{"start":{"line":36,"column":0},"end":{"line":36,"column":17}},"36":{"start":{"line":37,"column":0},"end":{"line":37,"column":18}},"37":{"start":{"line":38,"column":0},"end":{"line":38,"column":37}},"38":{"start":{"line":39,"column":0},"end":{"line":39,"column":11}},"39":{"start":{"line":40,"column":0},"end":{"line":40,"column":0}},"40":{"start":{"line":41,"column":0},"end":{"line":41,"column":20}},"41":{"start":{"line":42,"column":0},"end":{"line":42,"column":5}},"42":{"start":{"line":43,"column":0},"end":{"line":43,"column":1}},"43":{"start":{"line":44,"column":0},"end":{"line":44,"column":0}},"44":{"start":{"line":45,"column":0},"end":{"line":45,"column":33}}},"s":{"0":1,"1":1,"2":1,"3":1,"4":1,"5":1,"6":1,"7":1,"8":1,"9":1,"10":1,"11":1,"12":1,"13":1,"14":1,"15":2,"16":2,"17":4,"18":4,"19":4,"20":4,"21":4,"22":4,"23":4,"24":2,"25":2,"26":5,"27":5,"28":5,"29":1,"30":1,"31":4,"32":4,"33":5,"34":5,"35":5,"36":5,"37":5,"38":5,"39":5,"40":5,"41":5,"42":2,"43":1,"44":1},"branchMap":{"0":{"type":"branch","line":45,"loc":{"start":{"line":45,"column":33},"end":{"line":45,"column":33}},"locations":[{"start":{"line":45,"column":33},"end":{"line":45,"column":33}}]},"1":{"type":"branch","line":45,"loc":{"start":{"line":45,"column":33},"end":{"line":45,"column":33}},"locations":[{"start":{"line":45,"column":33},"end":{"line":45,"column":33}}]},"2":{"type":"branch","line":45,"loc":{"start":{"line":45,"column":33},"end":{"line":45,"column":33}},"locations":[{"start":{"line":45,"column":33},"end":{"line":45,"column":33}}]},"3":{"type":"branch","line":45,"loc":{"start":{"line":45,"column":33},"end":{"line":45,"column":33}},"locations":[{"start":{"line":45,"column":33},"end":{"line":45,"column":33}}]},"4":{"type":"branch","line":45,"loc":{"start":{"line":45,"column":33},"end":{"line":45,"column":33}},"locations":[{"start":{"line":45,"column":33},"end":{"line":45,"column":33}}]},"5":{"type":"branch","line":45,"loc":{"start":{"line":45,"column":33},"end":{"line":45,"column":33}},"locations":[{"start":{"line":45,"column":33},"end":{"line":45,"column":33}}]},"6":{"type":"branch","line":45,"loc":{"start":{"line":45,"column":33},"end":{"line":45,"column":33}},"locations":[{"start":{"line":45,"column":33},"end":{"line":45,"column":33}}]},"7":{"type":"branch","line":45,"loc":{"start":{"line":45,"column":33},"end":{"line":45,"column":33}},"locations":[{"start":{"line":45,"column":33},"end":{"line":45,"column":33}}]},"8":{"type":"branch","line":45,"loc":{"start":{"line":45,"column":33},"end":{"line":45,"column":33}},"locations":[{"start":{"line":45,"column":33},"end":{"line":45,"column":33}}]},"9":{"type":"branch","line":45,"loc":{"start":{"line":45,"column":33},"end":{"line":45,"column":33}},"locations":[{"start":{"line":45,"column":33},"end":{"line":45,"column":33}}]},"10":{"type":"branch","line":45,"loc":{"start":{"line":45,"column":33},"end":{"line":45,"column":33}},"locations":[{"start":{"line":45,"column":33},"end":{"line":45,"column":33}}]},"11":{"type":"branch","line":45,"loc":{"start":{"line":45,"column":33},"end":{"line":45,"column":33}},"locations":[{"start":{"line":45,"column":33},"end":{"line":45,"column":33}}]},"12":{"type":"branch","line":45,"loc":{"start":{"line":45,"column":33},"end":{"line":45,"column":33}},"locations":[{"start":{"line":45,"column":33},"end":{"line":45,"column":33}}]},"13":{"type":"branch","line":45,"loc":{"start":{"line":45,"column":33},"end":{"line":45,"column":33}},"locations":[{"start":{"line":45,"column":33},"end":{"line":45,"column":33}}]},"14":{"type":"branch","line":45,"loc":{"start":{"line":45,"column":33},"end":{"line":45,"column":33}},"locations":[{"start":{"line":45,"column":33},"end":{"line":45,"column":33}}]},"15":{"type":"branch","line":45,"loc":{"start":{"line":45,"column":33},"end":{"line":45,"column":33}},"locations":[{"start":{"line":45,"column":33},"end":{"line":45,"column":33}}]},"16":{"type":"branch","line":45,"loc":{"start":{"line":45,"column":33},"end":{"line":45,"column":33}},"locations":[{"start":{"line":45,"column":33},"end":{"line":45,"column":33}}]},"17":{"type":"branch","line":45,"loc":{"start":{"line":45,"column":33},"end":{"line":45,"column":33}},"locations":[{"start":{"line":45,"column":33},"end":{"line":45,"column":33}}]},"18":{"type":"branch","line":45,"loc":{"start":{"line":45,"column":33},"end":{"line":45,"column":33}},"locations":[{"start":{"line":45,"column":33},"end":{"line":45,"column":33}}]},"19":{"type":"branch","line":45,"loc":{"start":{"line":45,"column":33},"end":{"line":45,"column":33}},"locations":[{"start":{"line":45,"column":33},"end":{"line":45,"column":33}}]},"20":{"type":"branch","line":45,"loc":{"start":{"line":45,"column":33},"end":{"line":45,"column":33}},"locations":[{"start":{"line":45,"column":33},"end":{"line":45,"column":33}}]},"21":{"type":"branch","line":45,"loc":{"start":{"line":45,"column":33},"end":{"line":45,"column":33}},"locations":[{"start":{"line":45,"column":33},"end":{"line":45,"column":33}}]},"22":{"type":"branch","line":45,"loc":{"start":{"line":45,"column":33},"end":{"line":45,"column":33}},"locations":[{"start":{"line":45,"column":33},"end":{"line":45,"column":33}}]},"23":{"type":"branch","line":45,"loc":{"start":{"line":45,"column":33},"end":{"line":45,"column":33}},"locations":[{"start":{"line":45,"column":33},"end":{"line":45,"column":33}}]},"24":{"type":"branch","line":45,"loc":{"start":{"line":45,"column":33},"end":{"line":45,"column":33}},"locations":[{"start":{"line":45,"column":33},"end":{"line":45,"column":33}}]},"25":{"type":"branch","line":45,"loc":{"start":{"line":45,"column":33},"end":{"line":45,"column":33}},"locations":[{"start":{"line":45,"column":33},"end":{"line":45,"column":33}}]},"26":{"type":"branch","line":45,"loc":{"start":{"line":45,"column":33},"end":{"line":45,"column":33}},"locations":[{"start":{"line":45,"column":33},"end":{"line":45,"column":33}}]},"27":{"type":"branch","line":45,"loc":{"start":{"line":45,"column":33},"end":{"line":45,"column":33}},"locations":[{"start":{"line":45,"column":33},"end":{"line":45,"column":33}}]},"28":{"type":"branch","line":45,"loc":{"start":{"line":45,"column":33},"end":{"line":45,"column":33}},"locations":[{"start":{"line":45,"column":33},"end":{"line":45,"column":33}}]},"29":{"type":"branch","line":45,"loc":{"start":{"line":45,"column":33},"end":{"line":45,"column":33}},"locations":[{"start":{"line":45,"column":33},"end":{"line":45,"column":33}}]},"30":{"type":"branch","line":45,"loc":{"start":{"line":45,"column":33},"end":{"line":45,"column":33}},"locations":[{"start":{"line":45,"column":33},"end":{"line":45,"column":33}}]},"31":{"type":"branch","line":45,"loc":{"start":{"line":45,"column":33},"end":{"line":45,"column":33}},"locations":[{"start":{"line":45,"column":33},"end":{"line":45,"column":33}}]},"32":{"type":"branch","line":45,"loc":{"start":{"line":45,"column":33},"end":{"line":45,"column":33}},"locations":[{"start":{"line":45,"column":33},"end":{"line":45,"column":33}}]},"33":{"type":"branch","line":45,"loc":{"start":{"line":45,"column":33},"end":{"line":45,"column":33}},"locations":[{"start":{"line":45,"column":33},"end":{"line":45,"column":33}}]},"34":{"type":"branch","line":45,"loc":{"start":{"line":45,"column":33},"end":{"line":45,"column":33}},"locations":[{"start":{"line":45,"column":33},"end":{"line":45,"column":33}}]},"35":{"type":"branch","line":45,"loc":{"start":{"line":45,"column":33},"end":{"line":45,"column":33}},"locations":[{"start":{"line":45,"column":33},"end":{"line":45,"column":33}}]},"36":{"type":"branch","line":45,"loc":{"start":{"line":45,"column":33},"end":{"line":45,"column":33}},"locations":[{"start":{"line":45,"column":33},"end":{"line":45,"column":33}}]},"37":{"type":"branch","line":45,"loc":{"start":{"line":45,"column":33},"end":{"line":45,"column":33}},"locations":[{"start":{"line":45,"column":33},"end":{"line":45,"column":33}}]},"38":{"type":"branch","line":45,"loc":{"start":{"line":45,"column":33},"end":{"line":45,"column":33}},"locations":[{"start":{"line":45,"column":33},"end":{"line":45,"column":33}}]},"39":{"type":"branch","line":45,"loc":{"start":{"line":45,"column":33},"end":{"line":45,"column":33}},"locations":[{"start":{"line":45,"column":33},"end":{"line":45,"column":33}}]},"40":{"type":"branch","line":45,"loc":{"start":{"line":45,"column":33},"end":{"line":45,"column":33}},"locations":[{"start":{"line":45,"column":33},"end":{"line":45,"column":33}}]},"41":{"type":"branch","line":45,"loc":{"start":{"line":45,"column":33},"end":{"line":45,"column":33}},"locations":[{"start":{"line":45,"column":33},"end":{"line":45,"column":33}}]},"42":{"type":"branch","line":45,"loc":{"start":{"line":45,"column":33},"end":{"line":45,"column":33}},"locations":[{"start":{"line":45,"column":33},"end":{"line":45,"column":33}}]},"43":{"type":"branch","line":45,"loc":{"start":{"line":45,"column":33},"end":{"line":45,"column":33}},"locations":[{"start":{"line":45,"column":33},"end":{"line":45,"column":33}}]},"44":{"type":"branch","line":45,"loc":{"start":{"line":45,"column":33},"end":{"line":45,"column":33}},"locations":[{"start":{"line":45,"column":33},"end":{"line":45,"column":33}}]},"45":{"type":"branch","line":45,"loc":{"start":{"line":45,"column":33},"end":{"line":45,"column":33}},"locations":[{"start":{"line":45,"column":33},"end":{"line":45,"column":33}}]},"46":{"type":"branch","line":45,"loc":{"start":{"line":45,"column":33},"end":{"line":45,"column":33}},"locations":[{"start":{"line":45,"column":33},"end":{"line":45,"column":33}}]},"47":{"type":"branch","line":45,"loc":{"start":{"line":45,"column":33},"end":{"line":45,"column":33}},"locations":[{"start":{"line":45,"column":33},"end":{"line":45,"column":33}}]},"48":{"type":"branch","line":45,"loc":{"start":{"line":45,"column":33},"end":{"line":45,"column":33}},"locations":[{"start":{"line":45,"column":33},"end":{"line":45,"column":33}}]},"49":{"type":"branch","line":45,"loc":{"start":{"line":45,"column":33},"end":{"line":45,"column":33}},"locations":[{"start":{"line":45,"column":33},"end":{"line":45,"column":33}}]},"50":{"type":"branch","line":45,"loc":{"start":{"line":45,"column":33},"end":{"line":45,"column":33}},"locations":[{"start":{"line":45,"column":33},"end":{"line":45,"column":33}}]},"51":{"type":"branch","line":45,"loc":{"start":{"line":45,"column":33},"end":{"line":45,"column":33}},"locations":[{"start":{"line":45,"column":33},"end":{"line":45,"column":33}}]},"52":{"type":"branch","line":45,"loc":{"start":{"line":45,"column":33},"end":{"line":45,"column":33}},"locations":[{"start":{"line":45,"column":33},"end":{"line":45,"column":33}}]},"53":{"type":"branch","line":45,"loc":{"start":{"line":45,"column":33},"end":{"line":45,"column":33}},"locations":[{"start":{"line":45,"column":33},"end":{"line":45,"column":33}}]},"54":{"type":"branch","line":16,"loc":{"start":{"line":16,"column":0},"end":{"line":43,"column":1}},"locations":[{"start":{"line":16,"column":0},"end":{"line":43,"column":1}}]},"55":{"type":"branch","line":17,"loc":{"start":{"line":17,"column":4},"end":{"line":24,"column":5}},"locations":[{"start":{"line":17,"column":4},"end":{"line":24,"column":5}}]},"56":{"type":"branch","line":26,"loc":{"start":{"line":26,"column":4},"end":{"line":42,"column":5}},"locations":[{"start":{"line":26,"column":4},"end":{"line":42,"column":5}}]},"57":{"type":"branch","line":45,"loc":{"start":{"line":45,"column":33},"end":{"line":45,"column":33}},"locations":[{"start":{"line":45,"column":33},"end":{"line":45,"column":33}}]},"58":{"type":"branch","line":45,"loc":{"start":{"line":45,"column":33},"end":{"line":45,"column":33}},"locations":[{"start":{"line":45,"column":33},"end":{"line":45,"column":33}}]},"59":{"type":"branch","line":27,"loc":{"start":{"line":27,"column":32},"end":{"line":27,"column":78}},"locations":[{"start":{"line":27,"column":32},"end":{"line":27,"column":78}}]},"60":{"type":"branch","line":45,"loc":{"start":{"line":45,"column":33},"end":{"line":45,"column":33}},"locations":[{"start":{"line":45,"column":33},"end":{"line":45,"column":33}}]},"61":{"type":"branch","line":29,"loc":{"start":{"line":29,"column":29},"end":{"line":31,"column":9}},"locations":[{"start":{"line":29,"column":29},"end":{"line":31,"column":9}}]},"62":{"type":"branch","line":31,"loc":{"start":{"line":31,"column":9},"end":{"line":33,"column":78}},"locations":[{"start":{"line":31,"column":9},"end":{"line":33,"column":78}}]},"63":{"type":"branch","line":45,"loc":{"start":{"line":45,"column":33},"end":{"line":45,"column":33}},"locations":[{"start":{"line":45,"column":33},"end":{"line":45,"column":33}}]},"64":{"type":"branch","line":45,"loc":{"start":{"line":45,"column":33},"end":{"line":45,"column":33}},"locations":[{"start":{"line":45,"column":33},"end":{"line":45,"column":33}}]}},"b":{"0":[2],"1":[2],"2":[0],"3":[0],"4":[0],"5":[0],"6":[2],"7":[4],"8":[4],"9":[5],"10":[13],"11":[0],"12":[5],"13":[13],"14":[12],"15":[1],"16":[17],"17":[4],"18":[13],"19":[5],"20":[13],"21":[0],"22":[15],"23":[18],"24":[18],"25":[0],"26":[36],"27":[0],"28":[0],"29":[0],"30":[0],"31":[18],"32":[18],"33":[13],"34":[0],"35":[0],"36":[5],"37":[0],"38":[4],"39":[0],"40":[0],"41":[0],"42":[0],"43":[28],"44":[18],"45":[17],"46":[1],"47":[18],"48":[5],"49":[1],"50":[4],"51":[0],"52":[2],"53":[0],"54":[2],"55":[4],"56":[5],"57":[5],"58":[18],"59":[5],"60":[5],"61":[1],"62":[4],"63":[4],"64":[4]},"fnMap":{"0":{"name":"__decorate","decl":{"start":{"line":45,"column":33},"end":{"line":45,"column":33}},"loc":{"start":{"line":45,"column":33},"end":{"line":45,"column":33}},"line":45},"1":{"name":"__metadata","decl":{"start":{"line":45,"column":33},"end":{"line":45,"column":33}},"loc":{"start":{"line":45,"column":33},"end":{"line":45,"column":33}},"line":45},"2":{"name":"__param","decl":{"start":{"line":45,"column":33},"end":{"line":45,"column":33}},"loc":{"start":{"line":45,"column":33},"end":{"line":45,"column":33}},"line":45},"3":{"name":"__awaiter","decl":{"start":{"line":45,"column":33},"end":{"line":45,"column":33}},"loc":{"start":{"line":45,"column":33},"end":{"line":45,"column":33}},"line":45},"4":{"name":"adopt","decl":{"start":{"line":45,"column":33},"end":{"line":45,"column":33}},"loc":{"start":{"line":45,"column":33},"end":{"line":45,"column":33}},"line":45},"5":{"name":"fulfilled","decl":{"start":{"line":45,"column":33},"end":{"line":45,"column":33}},"loc":{"start":{"line":45,"column":33},"end":{"line":45,"column":33}},"line":45},"6":{"name":"rejected","decl":{"start":{"line":45,"column":33},"end":{"line":45,"column":33}},"loc":{"start":{"line":45,"column":33},"end":{"line":45,"column":33}},"line":45},"7":{"name":"step","decl":{"start":{"line":45,"column":33},"end":{"line":45,"column":33}},"loc":{"start":{"line":45,"column":33},"end":{"line":45,"column":33}},"line":45},"8":{"name":"__generator","decl":{"start":{"line":45,"column":33},"end":{"line":45,"column":33}},"loc":{"start":{"line":45,"column":33},"end":{"line":45,"column":33}},"line":45},"9":{"name":"sent","decl":{"start":{"line":45,"column":33},"end":{"line":45,"column":33}},"loc":{"start":{"line":45,"column":33},"end":{"line":45,"column":33}},"line":45},"10":{"name":"g.<computed>","decl":{"start":{"line":45,"column":33},"end":{"line":45,"column":33}},"loc":{"start":{"line":45,"column":33},"end":{"line":45,"column":33}},"line":45},"11":{"name":"verb","decl":{"start":{"line":45,"column":33},"end":{"line":45,"column":33}},"loc":{"start":{"line":45,"column":33},"end":{"line":45,"column":33}},"line":45},"12":{"name":"step","decl":{"start":{"line":45,"column":33},"end":{"line":45,"column":33}},"loc":{"start":{"line":45,"column":33},"end":{"line":45,"column":33}},"line":45},"13":{"name":"__importDefault","decl":{"start":{"line":45,"column":33},"end":{"line":45,"column":33}},"loc":{"start":{"line":45,"column":33},"end":{"line":45,"column":33}},"line":45},"14":{"name":"CreateUserService","decl":{"start":{"line":17,"column":4},"end":{"line":24,"column":5}},"loc":{"start":{"line":17,"column":4},"end":{"line":24,"column":5}},"line":17},"15":{"name":"CreateUserService.execute","decl":{"start":{"line":26,"column":4},"end":{"line":42,"column":5}},"loc":{"start":{"line":26,"column":4},"end":{"line":42,"column":5}},"line":26}},"f":{"0":2,"1":2,"2":4,"3":5,"4":13,"5":13,"6":0,"7":17,"8":5,"9":13,"10":0,"11":15,"12":18,"13":2,"14":4,"15":5}}
,"/home/daniel/gostack/backend-gobarber/src/modules/users/services/UpdateUserAvatarService.ts": {"path":"/home/daniel/gostack/backend-gobarber/src/modules/users/services/UpdateUserAvatarService.ts","statementMap":{"0":{"start":{"line":1,"column":0},"end":{"line":1,"column":24}},"1":{"start":{"line":2,"column":0},"end":{"line":2,"column":20}},"2":{"start":{"line":3,"column":0},"end":{"line":3,"column":42}},"3":{"start":{"line":4,"column":0},"end":{"line":4,"column":46}},"4":{"start":{"line":5,"column":0},"end":{"line":5,"column":0}},"5":{"start":{"line":6,"column":0},"end":{"line":6,"column":47}},"6":{"start":{"line":7,"column":0},"end":{"line":7,"column":64}},"7":{"start":{"line":8,"column":0},"end":{"line":8,"column":0}},"8":{"start":{"line":9,"column":0},"end":{"line":9,"column":50}},"9":{"start":{"line":10,"column":0},"end":{"line":10,"column":0}},"10":{"start":{"line":11,"column":0},"end":{"line":11,"column":19}},"11":{"start":{"line":12,"column":0},"end":{"line":12,"column":20}},"12":{"start":{"line":13,"column":0},"end":{"line":13,"column":27}},"13":{"start":{"line":14,"column":0},"end":{"line":14,"column":1}},"14":{"start":{"line":15,"column":0},"end":{"line":15,"column":0}},"15":{"start":{"line":16,"column":0},"end":{"line":16,"column":13}},"16":{"start":{"line":17,"column":0},"end":{"line":17,"column":31}},"17":{"start":{"line":18,"column":0},"end":{"line":18,"column":16}},"18":{"start":{"line":19,"column":0},"end":{"line":19,"column":34}},"19":{"start":{"line":20,"column":0},"end":{"line":20,"column":49}},"20":{"start":{"line":21,"column":0},"end":{"line":21,"column":11}},"21":{"start":{"line":22,"column":0},"end":{"line":22,"column":0}},"22":{"start":{"line":23,"column":0},"end":{"line":23,"column":79}},"23":{"start":{"line":24,"column":0},"end":{"line":24,"column":0}},"24":{"start":{"line":25,"column":0},"end":{"line":25,"column":66}},"25":{"start":{"line":26,"column":0},"end":{"line":26,"column":0}},"26":{"start":{"line":27,"column":0},"end":{"line":27,"column":19}},"27":{"start":{"line":28,"column":0},"end":{"line":28,"column":83}},"28":{"start":{"line":29,"column":0},"end":{"line":29,"column":9}},"29":{"start":{"line":30,"column":0},"end":{"line":30,"column":0}},"30":{"start":{"line":31,"column":0},"end":{"line":31,"column":26}},"31":{"start":{"line":32,"column":0},"end":{"line":32,"column":86}},"32":{"start":{"line":33,"column":0},"end":{"line":33,"column":84}},"33":{"start":{"line":34,"column":0},"end":{"line":34,"column":0}},"34":{"start":{"line":35,"column":0},"end":{"line":35,"column":38}},"35":{"start":{"line":36,"column":0},"end":{"line":36,"column":61}},"36":{"start":{"line":37,"column":0},"end":{"line":37,"column":13}},"37":{"start":{"line":38,"column":0},"end":{"line":38,"column":9}},"38":{"start":{"line":39,"column":0},"end":{"line":39,"column":0}},"39":{"start":{"line":40,"column":0},"end":{"line":40,"column":37}},"40":{"start":{"line":41,"column":0},"end":{"line":41,"column":0}},"41":{"start":{"line":42,"column":0},"end":{"line":42,"column":46}},"42":{"start":{"line":43,"column":0},"end":{"line":43,"column":0}},"43":{"start":{"line":44,"column":0},"end":{"line":44,"column":20}},"44":{"start":{"line":45,"column":0},"end":{"line":45,"column":5}},"45":{"start":{"line":46,"column":0},"end":{"line":46,"column":1}},"46":{"start":{"line":47,"column":0},"end":{"line":47,"column":0}},"47":{"start":{"line":48,"column":0},"end":{"line":48,"column":39}}},"s":{"0":0,"1":0,"2":0,"3":0,"4":0,"5":0,"6":0,"7":0,"8":0,"9":0,"10":0,"11":0,"12":0,"13":0,"14":0,"15":0,"16":0,"17":0,"18":0,"19":0,"20":0,"21":0,"22":0,"23":0,"24":0,"25":0,"26":0,"27":0,"28":0,"29":0,"30":0,"31":0,"32":0,"33":0,"34":0,"35":0,"36":0,"37":0,"38":0,"39":0,"40":0,"41":0,"42":0,"43":0,"44":0,"45":0,"46":0,"47":0},"branchMap":{"0":{"type":"branch","line":1,"loc":{"start":{"line":1,"column":0},"end":{"line":48,"column":39}},"locations":[{"start":{"line":1,"column":0},"end":{"line":48,"column":39}}]}},"b":{"0":[0]},"fnMap":{"0":{"name":"(empty-report)","decl":{"start":{"line":1,"column":0},"end":{"line":48,"column":39}},"loc":{"start":{"line":1,"column":0},"end":{"line":48,"column":39}},"line":1}},"f":{"0":0}}
}
